2014-11-18 08:28:20 [main] INFO org.springframework.web.context.ContextLoader - Root WebApplicationContext: initialization started
2014-11-18 08:28:20 [main] INFO org.springframework.web.context.support.XmlWebApplicationContext - Refreshing Root WebApplicationContext: startup date [Tue Nov 18 08:28:20 GMT-08:00 2014]; root of context hierarchy
2014-11-18 08:28:20 [main] INFO org.springframework.beans.factory.xml.XmlBeanDefinitionReader - Loading XML bean definitions from ServletContext resource [/WEB-INF/rest-beans.xml]
2014-11-18 08:28:20 [main] INFO org.springframework.beans.factory.xml.XmlBeanDefinitionReader - Loading XML bean definitions from ServletContext resource [/WEB-INF/mybatis-beans.xml]
2014-11-18 08:28:20 [main] INFO org.springframework.beans.factory.support.DefaultListableBeanFactory - Overriding bean definition for bean 'mdRestController': replacing [Generic bean: class [com.kloopz.cms.ws.rest.MdRestController]; scope=singleton; abstract=false; lazyInit=false; autowireMode=0; dependencyCheck=0; autowireCandidate=true; primary=false; factoryBeanName=null; factoryMethodName=null; initMethodName=null; destroyMethodName=null; defined in file [/home/srmunna/oneops_all/soft_setup/install/apache-tomcat-6.0.37/webapps/kloopz-cms-api/WEB-INF/classes/com/kloopz/cms/ws/rest/MdRestController.class]] with [Generic bean: class [com.kloopz.cms.ws.rest.MdRestController]; scope=; abstract=false; lazyInit=false; autowireMode=0; dependencyCheck=0; autowireCandidate=true; primary=false; factoryBeanName=null; factoryMethodName=null; initMethodName=null; destroyMethodName=null; defined in ServletContext resource [/WEB-INF/rest-beans.xml]]
2014-11-18 08:28:20 [main] INFO org.springframework.beans.factory.support.DefaultListableBeanFactory - Overriding bean definition for bean 'cmRestController': replacing [Generic bean: class [com.kloopz.cms.ws.rest.CmRestController]; scope=singleton; abstract=false; lazyInit=false; autowireMode=0; dependencyCheck=0; autowireCandidate=true; primary=false; factoryBeanName=null; factoryMethodName=null; initMethodName=null; destroyMethodName=null; defined in file [/home/srmunna/oneops_all/soft_setup/install/apache-tomcat-6.0.37/webapps/kloopz-cms-api/WEB-INF/classes/com/kloopz/cms/ws/rest/CmRestController.class]] with [Generic bean: class [com.kloopz.cms.ws.rest.CmRestController]; scope=; abstract=false; lazyInit=false; autowireMode=0; dependencyCheck=0; autowireCandidate=true; primary=false; factoryBeanName=null; factoryMethodName=null; initMethodName=null; destroyMethodName=null; defined in ServletContext resource [/WEB-INF/rest-beans.xml]]
2014-11-18 08:28:20 [main] INFO org.springframework.beans.factory.support.DefaultListableBeanFactory - Overriding bean definition for bean 'djRestController': replacing [Generic bean: class [com.kloopz.cms.ws.rest.DjRestController]; scope=singleton; abstract=false; lazyInit=false; autowireMode=0; dependencyCheck=0; autowireCandidate=true; primary=false; factoryBeanName=null; factoryMethodName=null; initMethodName=null; destroyMethodName=null; defined in file [/home/srmunna/oneops_all/soft_setup/install/apache-tomcat-6.0.37/webapps/kloopz-cms-api/WEB-INF/classes/com/kloopz/cms/ws/rest/DjRestController.class]] with [Generic bean: class [com.kloopz.cms.ws.rest.DjRestController]; scope=; abstract=false; lazyInit=false; autowireMode=0; dependencyCheck=0; autowireCandidate=true; primary=false; factoryBeanName=null; factoryMethodName=null; initMethodName=null; destroyMethodName=null; defined in ServletContext resource [/WEB-INF/rest-beans.xml]]
2014-11-18 08:28:20 [main] INFO org.springframework.beans.factory.support.DefaultListableBeanFactory - Overriding bean definition for bean 'cmDjMergeController': replacing [Generic bean: class [com.kloopz.cms.ws.rest.CmDjMergeController]; scope=singleton; abstract=false; lazyInit=false; autowireMode=0; dependencyCheck=0; autowireCandidate=true; primary=false; factoryBeanName=null; factoryMethodName=null; initMethodName=null; destroyMethodName=null; defined in file [/home/srmunna/oneops_all/soft_setup/install/apache-tomcat-6.0.37/webapps/kloopz-cms-api/WEB-INF/classes/com/kloopz/cms/ws/rest/CmDjMergeController.class]] with [Generic bean: class [com.kloopz.cms.ws.rest.CmDjMergeController]; scope=; abstract=false; lazyInit=false; autowireMode=0; dependencyCheck=0; autowireCandidate=true; primary=false; factoryBeanName=null; factoryMethodName=null; initMethodName=null; destroyMethodName=null; defined in ServletContext resource [/WEB-INF/rest-beans.xml]]
2014-11-18 08:28:20 [main] INFO org.springframework.beans.factory.support.DefaultListableBeanFactory - Overriding bean definition for bean 'dpmtRestController': replacing [Generic bean: class [com.kloopz.cms.ws.rest.DpmtRestController]; scope=singleton; abstract=false; lazyInit=false; autowireMode=0; dependencyCheck=0; autowireCandidate=true; primary=false; factoryBeanName=null; factoryMethodName=null; initMethodName=null; destroyMethodName=null; defined in file [/home/srmunna/oneops_all/soft_setup/install/apache-tomcat-6.0.37/webapps/kloopz-cms-api/WEB-INF/classes/com/kloopz/cms/ws/rest/DpmtRestController.class]] with [Generic bean: class [com.kloopz.cms.ws.rest.DpmtRestController]; scope=; abstract=false; lazyInit=false; autowireMode=0; dependencyCheck=0; autowireCandidate=true; primary=false; factoryBeanName=null; factoryMethodName=null; initMethodName=null; destroyMethodName=null; defined in ServletContext resource [/WEB-INF/rest-beans.xml]]
2014-11-18 08:28:20 [main] INFO org.springframework.beans.factory.support.DefaultListableBeanFactory - Overriding bean definition for bean 'nsRestController': replacing [Generic bean: class [com.kloopz.cms.ws.rest.NsRestController]; scope=singleton; abstract=false; lazyInit=false; autowireMode=0; dependencyCheck=0; autowireCandidate=true; primary=false; factoryBeanName=null; factoryMethodName=null; initMethodName=null; destroyMethodName=null; defined in file [/home/srmunna/oneops_all/soft_setup/install/apache-tomcat-6.0.37/webapps/kloopz-cms-api/WEB-INF/classes/com/kloopz/cms/ws/rest/NsRestController.class]] with [Generic bean: class [com.kloopz.cms.ws.rest.NsRestController]; scope=; abstract=false; lazyInit=false; autowireMode=0; dependencyCheck=0; autowireCandidate=true; primary=false; factoryBeanName=null; factoryMethodName=null; initMethodName=null; destroyMethodName=null; defined in ServletContext resource [/WEB-INF/rest-beans.xml]]
2014-11-18 08:28:20 [main] INFO org.springframework.beans.factory.support.DefaultListableBeanFactory - Pre-instantiating singletons in org.springframework.beans.factory.support.DefaultListableBeanFactory@307f7f7b: defining beans [kloopzCMSDS,transactionManager,org.springframework.aop.config.internalAutoProxyCreator,org.springframework.transaction.annotation.AnnotationTransactionAttributeSource#0,org.springframework.transaction.interceptor.TransactionInterceptor#0,org.springframework.transaction.config.internalTransactionAdvisor,cmsUtil,sqlSessionFactory,clazzMapper,nsMapper,relationMapper,ciMapper,opsMapper,djMapper,dpmtMapper,utilMapper,rfcUtil,cmsMdValidator,cmsMdProcessor,cmsMdManager,cmsNsManager,cmsCrypto,cmsCmValidator,cmsDjValidator,cmsCmProcessor,cmsRfcProcessor,cmsCmRfcMrgProcessor,colProcessor,cmsWoProvider,cmsDpmtProcessor,procProcessor,cmsDjManager,cmsCmManager,cmsCmDjManager,opsManager,org.springframework.web.servlet.mvc.annotation.DefaultAnnotationHandlerMapping#0,cmDjMergeController,dpmtRestController,nsRestController,cmRestController,mdRestController,djRestController,org.springframework.context.annotation.internalConfigurationAnnotationProcessor,org.springframework.context.annotation.internalAutowiredAnnotationProcessor,org.springframework.context.annotation.internalRequiredAnnotationProcessor,org.springframework.context.annotation.internalCommonAnnotationProcessor,oxmMarshaller,marshallingXMLHttpMessageConverter,jsonMessageConverter,org.springframework.web.servlet.mvc.annotation.AnnotationMethodHandlerAdapter#0,scopeVerifier,org.springframework.context.annotation.ConfigurationClassPostProcessor$ImportAwareBeanPostProcessor#0]; root of factory hierarchy
2014-11-18 08:28:21 [main] WARN com.kloopz.cms.md.service.CmsMdProcessor - >+initalizing+ CmsMdProcessor
2014-11-18 08:28:21 [main] INFO com.kloopz.cms.crypto.CmsCryptoDES - >>>>>>>>>>>>Successfully initialized DES encriptor
2014-11-18 08:28:21 [main] INFO com.kloopz.cms.crypto.CmsCryptoDES - >>>>>>>>>>>>>Successfully initialized DES decriptor
2014-11-18 08:28:21 [main] INFO org.springframework.web.servlet.mvc.annotation.DefaultAnnotationHandlerMapping - Mapped URL path [/dj/simple/cis/{ciId}] onto handler 'cmDjMergeController'
2014-11-18 08:28:21 [main] INFO org.springframework.web.servlet.mvc.annotation.DefaultAnnotationHandlerMapping - Mapped URL path [/dj/simple/relations/{ciRelationId}] onto handler 'cmDjMergeController'
2014-11-18 08:28:21 [main] INFO org.springframework.web.servlet.mvc.annotation.DefaultAnnotationHandlerMapping - Mapped URL path [/dj/simple/relations] onto handler 'cmDjMergeController'
2014-11-18 08:28:21 [main] INFO org.springframework.web.servlet.mvc.annotation.DefaultAnnotationHandlerMapping - Mapped URL path [/dj/simple/cis/{ciId}/touch] onto handler 'cmDjMergeController'
2014-11-18 08:28:21 [main] INFO org.springframework.web.servlet.mvc.annotation.DefaultAnnotationHandlerMapping - Mapped URL path [/dj/simple/cis/{ciId}/history] onto handler 'cmDjMergeController'
2014-11-18 08:28:21 [main] INFO org.springframework.web.servlet.mvc.annotation.DefaultAnnotationHandlerMapping - Mapped URL path [/dj/simple/cis/{ciId}/records] onto handler 'cmDjMergeController'
2014-11-18 08:28:21 [main] INFO org.springframework.web.servlet.mvc.annotation.DefaultAnnotationHandlerMapping - Mapped URL path [/dj/simple/cis] onto handler 'cmDjMergeController'
2014-11-18 08:28:21 [main] INFO org.springframework.web.servlet.mvc.annotation.DefaultAnnotationHandlerMapping - Mapped URL path [/dj/simple/deployments/{dpmtId}] onto handler 'dpmtRestController'
2014-11-18 08:28:21 [main] INFO org.springframework.web.servlet.mvc.annotation.DefaultAnnotationHandlerMapping - Mapped URL path [/dj/simple/deployments/{dpmtId}/records] onto handler 'dpmtRestController'
2014-11-18 08:28:21 [main] INFO org.springframework.web.servlet.mvc.annotation.DefaultAnnotationHandlerMapping - Mapped URL path [/dj/simple/deployments/{dpmtId}/records/{dpmtRecordId}] onto handler 'dpmtRestController'
2014-11-18 08:28:21 [main] INFO org.springframework.web.servlet.mvc.annotation.DefaultAnnotationHandlerMapping - Mapped URL path [/dj/simple/deployments] onto handler 'dpmtRestController'
2014-11-18 08:28:21 [main] INFO org.springframework.web.servlet.mvc.annotation.DefaultAnnotationHandlerMapping - Mapped URL path [/dj/simple/deployments/count] onto handler 'dpmtRestController'
2014-11-18 08:28:21 [main] INFO org.springframework.web.servlet.mvc.annotation.DefaultAnnotationHandlerMapping - Mapped URL path [/dj/simple/deployments/{dpmtId}/workorders] onto handler 'dpmtRestController'
2014-11-18 08:28:21 [main] INFO org.springframework.web.servlet.mvc.annotation.DefaultAnnotationHandlerMapping - Mapped URL path [/dj/simple/deployments/{dpmtId}/cis] onto handler 'dpmtRestController'
2014-11-18 08:28:21 [main] INFO org.springframework.web.servlet.mvc.annotation.DefaultAnnotationHandlerMapping - Mapped URL path [/dj/simple/deployments/{dpmtId}/relations] onto handler 'dpmtRestController'
2014-11-18 08:28:21 [main] INFO org.springframework.web.servlet.mvc.annotation.DefaultAnnotationHandlerMapping - Mapped URL path [/dj/simple/deployments/{dpmtId}/cancel] onto handler 'dpmtRestController'
2014-11-18 08:28:21 [main] INFO org.springframework.web.servlet.mvc.annotation.DefaultAnnotationHandlerMapping - Mapped URL path [/ns/namespaces] onto handler 'nsRestController'
2014-11-18 08:28:21 [main] INFO org.springframework.web.servlet.mvc.annotation.DefaultAnnotationHandlerMapping - Mapped URL path [/ns/namespaces/{nsId}] onto handler 'nsRestController'
2014-11-18 08:28:21 [main] INFO org.springframework.web.servlet.mvc.annotation.DefaultAnnotationHandlerMapping - Mapped URL path [/ns/namespaces/delete] onto handler 'nsRestController'
2014-11-18 08:28:21 [main] INFO org.springframework.web.servlet.mvc.annotation.DefaultAnnotationHandlerMapping - Mapped URL path [/cm/simple/cis/{ciId}/states] onto handler 'cmRestController'
2014-11-18 08:28:21 [main] INFO org.springframework.web.servlet.mvc.annotation.DefaultAnnotationHandlerMapping - Mapped URL path [/cm/simple/environments/{envId}/state] onto handler 'cmRestController'
2014-11-18 08:28:21 [main] INFO org.springframework.web.servlet.mvc.annotation.DefaultAnnotationHandlerMapping - Mapped URL path [/cm/simple/cis/count] onto handler 'cmRestController'
2014-11-18 08:28:21 [main] INFO org.springframework.web.servlet.mvc.annotation.DefaultAnnotationHandlerMapping - Mapped URL path [/cm/simple/vars] onto handler 'cmRestController'
2014-11-18 08:28:21 [main] INFO org.springframework.web.servlet.mvc.annotation.DefaultAnnotationHandlerMapping - Mapped URL path [/cm/simple/{varName}/vars] onto handler 'cmRestController'
2014-11-18 08:28:21 [main] INFO org.springframework.web.servlet.mvc.annotation.DefaultAnnotationHandlerMapping - Mapped URL path [/cm/simple/relations/{ciRelId}] onto handler 'cmRestController'
2014-11-18 08:28:21 [main] INFO org.springframework.web.servlet.mvc.annotation.DefaultAnnotationHandlerMapping - Mapped URL path [/cm/relations/{relId}] onto handler 'cmRestController'
2014-11-18 08:28:21 [main] INFO org.springframework.web.servlet.mvc.annotation.DefaultAnnotationHandlerMapping - Mapped URL path [/cm/ops/procedures/{procedureId}/actionorders] onto handler 'cmRestController'
2014-11-18 08:28:21 [main] INFO org.springframework.web.servlet.mvc.annotation.DefaultAnnotationHandlerMapping - Mapped URL path [/cm/cis/{ciId}] onto handler 'cmRestController'
2014-11-18 08:28:21 [main] INFO org.springframework.web.servlet.mvc.annotation.DefaultAnnotationHandlerMapping - Mapped URL path [/cm/ops/procedures/{procedureId}] onto handler 'cmRestController'
2014-11-18 08:28:21 [main] INFO org.springframework.web.servlet.mvc.annotation.DefaultAnnotationHandlerMapping - Mapped URL path [/cm/ops/procedures/{procedureId}/actions] onto handler 'cmRestController'
2014-11-18 08:28:21 [main] INFO org.springframework.web.servlet.mvc.annotation.DefaultAnnotationHandlerMapping - Mapped URL path [/cm/ops/procedures/{procedureId}/retry] onto handler 'cmRestController'
2014-11-18 08:28:21 [main] INFO org.springframework.web.servlet.mvc.annotation.DefaultAnnotationHandlerMapping - Mapped URL path [/cm/ops/procedures/{procedureId}/updatestate] onto handler 'cmRestController'
2014-11-18 08:28:21 [main] INFO org.springframework.web.servlet.mvc.annotation.DefaultAnnotationHandlerMapping - Mapped URL path [/cm/complex/vars] onto handler 'cmRestController'
2014-11-18 08:28:21 [main] INFO org.springframework.web.servlet.mvc.annotation.DefaultAnnotationHandlerMapping - Mapped URL path [/cm/simple/cis] onto handler 'cmRestController'
2014-11-18 08:28:21 [main] INFO org.springframework.web.servlet.mvc.annotation.DefaultAnnotationHandlerMapping - Mapped URL path [/cm/simple/cis/{ciId}] onto handler 'cmRestController'
2014-11-18 08:28:21 [main] INFO org.springframework.web.servlet.mvc.annotation.DefaultAnnotationHandlerMapping - Mapped URL path [/cm/simple/relations/count] onto handler 'cmRestController'
2014-11-18 08:28:21 [main] INFO org.springframework.web.servlet.mvc.annotation.DefaultAnnotationHandlerMapping - Mapped URL path [/cm/simple/relations] onto handler 'cmRestController'
2014-11-18 08:28:21 [main] INFO org.springframework.web.servlet.mvc.annotation.DefaultAnnotationHandlerMapping - Mapped URL path [/cm/ops/procedures] onto handler 'cmRestController'
2014-11-18 08:28:21 [main] INFO org.springframework.web.servlet.mvc.annotation.DefaultAnnotationHandlerMapping - Mapped URL path [/cm/cis] onto handler 'cmRestController'
2014-11-18 08:28:21 [main] INFO org.springframework.web.servlet.mvc.annotation.DefaultAnnotationHandlerMapping - Mapped URL path [/cm/simple/cis/{ciId}/procedures] onto handler 'cmRestController'
2014-11-18 08:28:21 [main] INFO org.springframework.web.servlet.mvc.annotation.DefaultAnnotationHandlerMapping - Mapped URL path [/strtest/{str}] onto handler 'mdRestController'
2014-11-18 08:28:21 [main] INFO org.springframework.web.servlet.mvc.annotation.DefaultAnnotationHandlerMapping - Mapped URL path [/md/classes] onto handler 'mdRestController'
2014-11-18 08:28:21 [main] INFO org.springframework.web.servlet.mvc.annotation.DefaultAnnotationHandlerMapping - Mapped URL path [/md/relations] onto handler 'mdRestController'
2014-11-18 08:28:21 [main] INFO org.springframework.web.servlet.mvc.annotation.DefaultAnnotationHandlerMapping - Mapped URL path [/md/cache] onto handler 'mdRestController'
2014-11-18 08:28:21 [main] INFO org.springframework.web.servlet.mvc.annotation.DefaultAnnotationHandlerMapping - Mapped URL path [/md/classes/{clazzName}/{deleteAll}] onto handler 'mdRestController'
2014-11-18 08:28:21 [main] INFO org.springframework.web.servlet.mvc.annotation.DefaultAnnotationHandlerMapping - Mapped URL path [/md/classes/{clazzName}] onto handler 'mdRestController'
2014-11-18 08:28:21 [main] INFO org.springframework.web.servlet.mvc.annotation.DefaultAnnotationHandlerMapping - Mapped URL path [/md/relations/{relationName}] onto handler 'mdRestController'
2014-11-18 08:28:21 [main] INFO org.springframework.web.servlet.mvc.annotation.DefaultAnnotationHandlerMapping - Mapped URL path [/md/classes/id/{clazzId}] onto handler 'mdRestController'
2014-11-18 08:28:21 [main] INFO org.springframework.web.servlet.mvc.annotation.DefaultAnnotationHandlerMapping - Mapped URL path [/md/relations/{relationName}/{deleteAll}] onto handler 'mdRestController'
2014-11-18 08:28:21 [main] INFO org.springframework.web.servlet.mvc.annotation.DefaultAnnotationHandlerMapping - Mapped URL path [/dj/simple/rfc/cis/{rfcId}] onto handler 'djRestController'
2014-11-18 08:28:21 [main] INFO org.springframework.web.servlet.mvc.annotation.DefaultAnnotationHandlerMapping - Mapped URL path [/dj/simple/releases/{releaseId}] onto handler 'djRestController'
2014-11-18 08:28:21 [main] INFO org.springframework.web.servlet.mvc.annotation.DefaultAnnotationHandlerMapping - Mapped URL path [/dj/simple/releases/{releaseId}/commit] onto handler 'djRestController'
2014-11-18 08:28:21 [main] INFO org.springframework.web.servlet.mvc.annotation.DefaultAnnotationHandlerMapping - Mapped URL path [/dj/simple/releases] onto handler 'djRestController'
2014-11-18 08:28:21 [main] INFO org.springframework.web.servlet.mvc.annotation.DefaultAnnotationHandlerMapping - Mapped URL path [/dj/simple/rfc/relations] onto handler 'djRestController'
2014-11-18 08:28:21 [main] INFO org.springframework.web.servlet.mvc.annotation.DefaultAnnotationHandlerMapping - Mapped URL path [/dj/simple/rfc/relations/{rfcId}] onto handler 'djRestController'
2014-11-18 08:28:21 [main] INFO org.springframework.web.servlet.mvc.annotation.DefaultAnnotationHandlerMapping - Mapped URL path [/dj/simple/rfc/cis] onto handler 'djRestController'
2014-11-18 08:28:21 [main] INFO org.springframework.web.servlet.mvc.annotation.DefaultAnnotationHandlerMapping - Mapped URL path [/dj/rfc/cis/{rfcId}] onto handler 'djRestController'
2014-11-18 08:28:21 [main] INFO org.springframework.web.servlet.mvc.annotation.DefaultAnnotationHandlerMapping - Mapped URL path [/dj/rfc/relations/{rfcId}] onto handler 'djRestController'
2014-11-18 08:28:21 [main] INFO org.springframework.web.context.ContextLoader - Root WebApplicationContext: initialization completed in 1685 ms
2014-11-18 08:28:21 [main] INFO org.springframework.web.servlet.DispatcherServlet - FrameworkServlet 'RestServlet': initialization started
2014-11-18 08:28:21 [main] INFO org.springframework.web.context.support.XmlWebApplicationContext - Refreshing WebApplicationContext for namespace 'RestServlet-servlet': startup date [Tue Nov 18 08:28:21 GMT-08:00 2014]; parent: Root WebApplicationContext
2014-11-18 08:28:21 [main] INFO org.springframework.beans.factory.support.DefaultListableBeanFactory - Pre-instantiating singletons in org.springframework.beans.factory.support.DefaultListableBeanFactory@11602a1d: defining beans []; parent: org.springframework.beans.factory.support.DefaultListableBeanFactory@307f7f7b
2014-11-18 08:28:21 [main] INFO org.springframework.web.servlet.DispatcherServlet - FrameworkServlet 'RestServlet': initialization completed in 39 ms
2014-11-18 08:33:38 [http-8080-1] INFO com.kloopz.cms.dj.service.CmsDpmtProcessor - Created new deployment, dpmtId = 8069
2014-11-18 08:33:40 [http-8080-1] INFO com.kloopz.cms.dj.service.CmsDpmtProcessor - Updated dpmtId = 8069 with new state  null
2014-11-18 08:33:59 [http-8080-1] INFO com.kloopz.cms.dj.service.CmsDpmtProcessor - Updated dpmtId = 8069 with new state  failed
2014-11-18 08:34:06 [http-8080-2] INFO com.kloopz.cms.dj.service.CmsDpmtProcessor - Updated dpmtId = 8069 with new state  canceled
2014-11-18 08:34:07 [http-8080-2] ERROR com.kloopz.cms.dj.service.CmsDpmtProcessor - The deployment is not in active state - canceled
2014-11-18 08:34:07 [http-8080-2] ERROR com.kloopz.cms.ws.rest.DpmtRestController - com.kloopz.cms.exceptions.DJException: The deployment is not in active state - canceled
2014-11-18 08:34:07 [http-8080-2] ERROR com.kloopz.cms.ws.rest.DpmtRestController - com.kloopz.cms.exceptions.DJException: The deployment is not in active state - canceled
2014-11-18 08:34:07 [http-8080-2] ERROR com.kloopz.cms.ws.rest.DpmtRestController - com.kloopz.cms.exceptions.DJException: The deployment is not in active state - canceled
2014-11-18 08:35:00 [http-8080-2] INFO com.kloopz.cms.dj.service.CmsDpmtProcessor - Created new deployment, dpmtId = 8106
2014-11-18 08:35:01 [http-8080-2] INFO com.kloopz.cms.dj.service.CmsDpmtProcessor - Updated dpmtId = 8106 with new state  null
2014-11-18 08:37:54 [http-8080-2] INFO com.kloopz.cms.dj.service.CmsDpmtProcessor - Updated dpmtId = 8106 with new state  failed
2014-11-18 08:39:32 [http-8080-2] INFO com.kloopz.cms.cm.ops.service.OpsProcedureProcessor - checking ci 96272 actions with opsMapper.getProcedureForCiByAction...
2014-11-18 08:39:32 [http-8080-2] INFO com.kloopz.cms.cm.ops.service.OpsProcedureProcessor - checking ci 96277 actions with opsMapper.getProcedureForCiByAction...
2014-11-18 08:39:32 [http-8080-2] INFO com.kloopz.cms.cm.ops.service.OpsProcedureProcessor - Created ops procedure procID: 8122 procName :validate forceExecution :false
2014-11-18 08:41:21 [http-8080-2] INFO com.kloopz.cms.dj.service.CmsDpmtProcessor - Created new deployment, dpmtId = 8959
2014-11-18 08:41:22 [http-8080-2] INFO com.kloopz.cms.dj.service.CmsDpmtProcessor - Updated dpmtId = 8959 with new state  null
2014-11-18 08:43:18 [http-8080-2] INFO com.kloopz.cms.dj.service.CmsDpmtProcessor - Updated dpmtId = 8959 with new state  failed
2014-11-18 08:47:44 [http-8080-2] INFO com.kloopz.cms.dj.service.CmsDpmtProcessor - Updated dpmtId = 8959 with new state  canceled
2014-11-18 08:47:58 [http-8080-2] INFO com.kloopz.cms.dj.service.CmsDpmtProcessor - Created new deployment, dpmtId = 9028
2014-11-18 08:47:59 [http-8080-2] INFO com.kloopz.cms.dj.service.CmsDpmtProcessor - Updated dpmtId = 9028 with new state  null
2014-11-18 08:48:08 [http-8080-2] INFO com.kloopz.cms.dj.service.CmsDpmtProcessor - Updated dpmtId = 9028 with new state  complete
2014-11-18 08:53:53 [http-8080-2] INFO com.kloopz.cms.dj.service.CmsDpmtProcessor - Created new deployment, dpmtId = 10195
2014-11-18 08:53:56 [http-8080-2] INFO com.kloopz.cms.dj.service.CmsDpmtProcessor - Updated dpmtId = 10195 with new state  null
2014-11-18 08:56:01 [http-8080-2] INFO com.kloopz.cms.dj.service.CmsDpmtProcessor - Updated dpmtId = 10195 with new state  failed
2014-11-18 08:57:38 [http-8080-2] INFO com.kloopz.cms.dj.service.CmsDpmtProcessor - Updated dpmtId = 10195 with new state  canceled
2014-11-18 08:59:44 [http-8080-2] INFO com.kloopz.cms.dj.service.CmsDpmtProcessor - Created new deployment, dpmtId = 10262
2014-11-18 08:59:46 [http-8080-2] INFO com.kloopz.cms.dj.service.CmsDpmtProcessor - Updated dpmtId = 10262 with new state  null
2014-11-18 09:01:42 [http-8080-2] INFO com.kloopz.cms.dj.service.CmsDpmtProcessor - Updated dpmtId = 10262 with new state  failed
