2014-11-17 09:48:30 [main] INFO org.springframework.web.servlet.DispatcherServlet - FrameworkServlet 'sensor-api': initialization started
2014-11-17 09:48:30 [main] INFO org.springframework.web.context.support.XmlWebApplicationContext - Refreshing WebApplicationContext for namespace 'sensor-api-servlet': startup date [Mon Nov 17 09:48:30 GMT-08:00 2014]; root of context hierarchy
2014-11-17 09:48:30 [main] INFO org.springframework.beans.factory.xml.XmlBeanDefinitionReader - Loading XML bean definitions from ServletContext resource [/WEB-INF/sensor-api-servlet.xml]
2014-11-17 09:48:30 [main] INFO org.springframework.beans.factory.xml.XmlBeanDefinitionReader - Loading XML bean definitions from ServletContext resource [/WEB-INF/application-context.xml]
2014-11-17 09:48:30 [main] INFO org.springframework.beans.factory.xml.XmlBeanDefinitionReader - Loading XML bean definitions from ServletContext resource [/WEB-INF/mybatis-beans.xml]
2014-11-17 09:48:31 [main] INFO org.springframework.beans.factory.support.DefaultListableBeanFactory - Overriding bean definition for bean 'sensorWsController': replacing [Generic bean: class [com.kloopz.sensor.ws.SensorWsController]; scope=singleton; abstract=false; lazyInit=false; autowireMode=0; dependencyCheck=0; autowireCandidate=true; primary=false; factoryBeanName=null; factoryMethodName=null; initMethodName=null; destroyMethodName=null; defined in file [/home/srmunna/oneops_all/soft_setup/install/apache-tomcat-6.0.37/webapps/sensor/WEB-INF/classes/com/kloopz/sensor/ws/SensorWsController.class]] with [Generic bean: class [com.kloopz.sensor.ws.SensorWsController]; scope=; abstract=false; lazyInit=false; autowireMode=0; dependencyCheck=0; autowireCandidate=true; primary=false; factoryBeanName=null; factoryMethodName=null; initMethodName=null; destroyMethodName=null; defined in ServletContext resource [/WEB-INF/sensor-api-servlet.xml]]
2014-11-17 09:48:32 [main] INFO org.springframework.beans.factory.support.DefaultListableBeanFactory - Pre-instantiating singletons in org.springframework.beans.factory.support.DefaultListableBeanFactory@74823a02: defining beans [kloopzCMSDS,transactionManager,org.springframework.aop.config.internalAutoProxyCreator,org.springframework.transaction.annotation.AnnotationTransactionAttributeSource#0,org.springframework.transaction.interceptor.TransactionInterceptor#0,org.springframework.transaction.config.internalTransactionAdvisor,sqlSessionFactory,clazzMapper,nsMapper,relationMapper,ciMapper,opsMapper,djMapper,utilMapper,dpmtMapper,rfcUtil,cmsUtil,cmsMdValidator,cmsMdProcessor,cmsMdManager,cmsNsManager,cmsCmValidator,cmsDjValidator,cmsCmProcessor,cmsRfcProcessor,cmsCmRfcMrgProcessor,colProcessor,cmsWoProvider,cmsDpmtProcessor,procProcessor,cmsDjManager,cmsCmManager,cmsCmDjManager,opsManager,uProcessor,utilManager,propertyConfigurer,inbound,sensor-mgmt,jmsFactory,mgmtJmsFactory,jmsProducerConnectionFactory,opsEventPub,opsEventDao,opsCiStateDao,perfHeaderDao,coProcessor,sensorHeartBeat,basicListener,opsEventListener,closeEventListener,stmtBuilder,tsDao,sensor,sensorListener,monitorListener,listenerContainer,monListenerContainer,instanceManager,org.springframework.web.servlet.mvc.annotation.DefaultAnnotationHandlerMapping#0,sensorWsController,org.springframework.context.annotation.internalConfigurationAnnotationProcessor,org.springframework.context.annotation.internalAutowiredAnnotationProcessor,org.springframework.context.annotation.internalRequiredAnnotationProcessor,org.springframework.context.annotation.internalCommonAnnotationProcessor,oxmMarshaller,marshallingXMLHttpMessageConverter,jsonMessageConverter,org.springframework.web.servlet.mvc.annotation.AnnotationMethodHandlerAdapter#0,org.springframework.context.annotation.ConfigurationClassPostProcessor$ImportAwareBeanPostProcessor#0]; root of factory hierarchy
2014-11-17 09:48:33 [main] WARN com.kloopz.cms.md.service.CmsMdProcessor - >+initalizing+ CmsMdProcessor
2014-11-18 08:28:14 [main] INFO org.springframework.web.servlet.DispatcherServlet - FrameworkServlet 'sensor-api': initialization started
2014-11-18 08:28:14 [main] INFO org.springframework.web.context.support.XmlWebApplicationContext - Refreshing WebApplicationContext for namespace 'sensor-api-servlet': startup date [Tue Nov 18 08:28:14 GMT-08:00 2014]; root of context hierarchy
2014-11-18 08:28:14 [main] INFO org.springframework.beans.factory.xml.XmlBeanDefinitionReader - Loading XML bean definitions from ServletContext resource [/WEB-INF/sensor-api-servlet.xml]
2014-11-18 08:28:15 [main] INFO org.springframework.beans.factory.xml.XmlBeanDefinitionReader - Loading XML bean definitions from ServletContext resource [/WEB-INF/application-context.xml]
2014-11-18 08:28:15 [main] INFO org.springframework.beans.factory.xml.XmlBeanDefinitionReader - Loading XML bean definitions from ServletContext resource [/WEB-INF/mybatis-beans.xml]
2014-11-18 08:28:15 [main] INFO org.springframework.beans.factory.support.DefaultListableBeanFactory - Overriding bean definition for bean 'sensorWsController': replacing [Generic bean: class [com.kloopz.sensor.ws.SensorWsController]; scope=singleton; abstract=false; lazyInit=false; autowireMode=0; dependencyCheck=0; autowireCandidate=true; primary=false; factoryBeanName=null; factoryMethodName=null; initMethodName=null; destroyMethodName=null; defined in file [/home/srmunna/oneops_all/soft_setup/install/apache-tomcat-6.0.37/webapps/sensor/WEB-INF/classes/com/kloopz/sensor/ws/SensorWsController.class]] with [Generic bean: class [com.kloopz.sensor.ws.SensorWsController]; scope=; abstract=false; lazyInit=false; autowireMode=0; dependencyCheck=0; autowireCandidate=true; primary=false; factoryBeanName=null; factoryMethodName=null; initMethodName=null; destroyMethodName=null; defined in ServletContext resource [/WEB-INF/sensor-api-servlet.xml]]
2014-11-18 08:28:15 [main] INFO org.springframework.beans.factory.support.DefaultListableBeanFactory - Pre-instantiating singletons in org.springframework.beans.factory.support.DefaultListableBeanFactory@d41abaf: defining beans [kloopzCMSDS,transactionManager,org.springframework.aop.config.internalAutoProxyCreator,org.springframework.transaction.annotation.AnnotationTransactionAttributeSource#0,org.springframework.transaction.interceptor.TransactionInterceptor#0,org.springframework.transaction.config.internalTransactionAdvisor,sqlSessionFactory,clazzMapper,nsMapper,relationMapper,ciMapper,opsMapper,djMapper,utilMapper,dpmtMapper,rfcUtil,cmsUtil,cmsMdValidator,cmsMdProcessor,cmsMdManager,cmsNsManager,cmsCmValidator,cmsDjValidator,cmsCmProcessor,cmsRfcProcessor,cmsCmRfcMrgProcessor,colProcessor,cmsWoProvider,cmsDpmtProcessor,procProcessor,cmsDjManager,cmsCmManager,cmsCmDjManager,opsManager,uProcessor,utilManager,propertyConfigurer,inbound,sensor-mgmt,jmsFactory,mgmtJmsFactory,jmsProducerConnectionFactory,opsEventPub,opsEventDao,opsCiStateDao,perfHeaderDao,coProcessor,sensorHeartBeat,basicListener,opsEventListener,closeEventListener,stmtBuilder,tsDao,sensor,sensorListener,monitorListener,listenerContainer,monListenerContainer,instanceManager,org.springframework.web.servlet.mvc.annotation.DefaultAnnotationHandlerMapping#0,sensorWsController,org.springframework.context.annotation.internalConfigurationAnnotationProcessor,org.springframework.context.annotation.internalAutowiredAnnotationProcessor,org.springframework.context.annotation.internalRequiredAnnotationProcessor,org.springframework.context.annotation.internalCommonAnnotationProcessor,oxmMarshaller,marshallingXMLHttpMessageConverter,jsonMessageConverter,org.springframework.web.servlet.mvc.annotation.AnnotationMethodHandlerAdapter#0,org.springframework.context.annotation.ConfigurationClassPostProcessor$ImportAwareBeanPostProcessor#0]; root of factory hierarchy
2014-11-18 08:28:16 [main] WARN com.kloopz.cms.md.service.CmsMdProcessor - >+initalizing+ CmsMdProcessor
2014-11-18 08:28:16 [ActiveMQ Task-1] INFO org.apache.activemq.transport.failover.FailoverTransport - Successfully connected to tcp://opsmq:61616?keepAlive=true
2014-11-18 08:28:16 [main] INFO me.prettyprint.cassandra.connection.CassandraHostRetryService - Downed Host Retry service started with queue size -1 and retry delay 10s
2014-11-18 08:28:16 [main] INFO me.prettyprint.cassandra.service.JmxMonitor - Registering JMX me.prettyprint.cassandra.service_sensor_cluster:ServiceType=sensor,MonitorType=hector
2014-11-18 08:28:16 [main] INFO com.kloopz.ops.dao.PerfHeaderDao - PerfHeaderDao: daq:9160:PerfAndLogCluster:mdb
2014-11-18 08:28:16 [main] INFO me.prettyprint.cassandra.connection.CassandraHostRetryService - Downed Host Retry service started with queue size -1 and retry delay 10s
2014-11-18 08:28:16 [main] INFO me.prettyprint.cassandra.service.JmxMonitor - Registering JMX me.prettyprint.cassandra.service_PerfAndLogCluster:ServiceType=sensor,MonitorType=hector
2014-11-18 08:28:16 [main] INFO com.kloopz.ops.dao.PerfHeaderDao -  adding mdb keyspace: InvalidRequestException(why:Keyspace names must be case-insensitively unique ("mdb" conflicts with "mdb"))
2014-11-18 08:28:17 [main] INFO com.kloopz.ops.dao.PerfHeaderDao - adding header InvalidRequestException(why:Cannot add already existing column family "header" to keyspace "mdb")
2014-11-18 08:28:17 [main] INFO com.kloopz.sensor.thresholds.ThresholdsDao - connected to cluster : sensor_cluster; host : daq:9160
2014-11-18 08:28:17 [main] INFO com.kloopz.sensor.util.InstanceManager - Sensor started with generated processId c1dd824b-fdbf-4e0c-bebd-5fddb5ccca12
2014-11-18 08:28:17 [main] INFO com.kloopz.sensor.util.InstanceManager - Sensor pool size is set to 1
2014-11-18 08:28:17 [main] INFO com.kloopz.cms.util.service.CmsUtilProcessor - Lock SENSOR_INSTANCE_LOCK_1 granted to c1dd824b-fdbf-4e0c-bebd-5fddb5ccca12
2014-11-18 08:28:17 [main] INFO com.kloopz.sensor.util.InstanceManager - >>>>>>>Sensor process c1dd824b-fdbf-4e0c-bebd-5fddb5ccca12 will be running as #1
2014-11-18 08:28:17 [main] INFO com.espertech.esper.core.service.EPServiceProviderImpl - Initializing engine URI 'default' version 4.4.0
2014-11-18 08:28:17 [main] INFO com.espertech.esper.core.thread.ThreadingServiceImpl - Starting pool Inbound with 8 threads
2014-11-18 08:28:17 [main] INFO com.espertech.esper.core.thread.ThreadingServiceImpl - Starting pool TimerExec with 8 threads
2014-11-18 08:28:17 [main] INFO com.espertech.esper.core.thread.ThreadingServiceImpl - Starting pool RouteExec with 8 threads
2014-11-18 08:28:17 [main] INFO com.espertech.esper.core.thread.ThreadingServiceImpl - Starting pool Outbound with 8 threads
2014-11-18 08:28:19 [main] INFO com.kloopz.sensor.Sensor - loaded total 96 statements
2014-11-18 08:28:19 [main] INFO com.kloopz.sensor.jms.SensorListenerContainer - >>>>>>>>>>>>>>>>>This sensor instance will use message selector - (manifestId % 1) = 0
2014-11-18 08:28:19 [ActiveMQ Task-2] INFO org.apache.activemq.transport.failover.FailoverTransport - Successfully connected to tcp://opsmq:61616?keepAlive=true
2014-11-18 08:28:19 [main] INFO com.kloopz.sensor.jms.SensorListenerContainer - >>>>>>>>>>>>>>>>>This sensor instance will use message selector - (manifestId % 1) = 0
2014-11-18 08:28:19 [ActiveMQ Task-1] INFO org.apache.activemq.transport.failover.FailoverTransport - Successfully connected to tcp://kloopzmq:61616?keepAlive=true
2014-11-18 08:28:19 [main] INFO org.springframework.web.servlet.mvc.annotation.DefaultAnnotationHandlerMapping - Mapped URL path [/ops/states/{ciId}] onto handler 'sensorWsController'
2014-11-18 08:28:19 [main] INFO org.springframework.web.servlet.mvc.annotation.DefaultAnnotationHandlerMapping - Mapped URL path [/monitors] onto handler 'sensorWsController'
2014-11-18 08:28:19 [main] INFO org.springframework.web.servlet.mvc.annotation.DefaultAnnotationHandlerMapping - Mapped URL path [/monitors/start] onto handler 'sensorWsController'
2014-11-18 08:28:19 [main] INFO org.springframework.web.servlet.mvc.annotation.DefaultAnnotationHandlerMapping - Mapped URL path [/ops/events/{ciId}] onto handler 'sensorWsController'
2014-11-18 08:28:19 [main] INFO org.springframework.web.servlet.mvc.annotation.DefaultAnnotationHandlerMapping - Mapped URL path [/ops/events] onto handler 'sensorWsController'
2014-11-18 08:28:19 [main] INFO org.springframework.web.servlet.mvc.annotation.DefaultAnnotationHandlerMapping - Mapped URL path [/ops/states/{ciId}/history] onto handler 'sensorWsController'
2014-11-18 08:28:19 [main] INFO org.springframework.web.servlet.mvc.annotation.DefaultAnnotationHandlerMapping - Mapped URL path [/ops/states] onto handler 'sensorWsController'
2014-11-18 08:28:19 [main] INFO org.springframework.web.servlet.mvc.annotation.DefaultAnnotationHandlerMapping - Mapped URL path [/ops/components/states] onto handler 'sensorWsController'
2014-11-18 08:28:19 [main] INFO org.springframework.web.servlet.mvc.annotation.DefaultAnnotationHandlerMapping - Mapped URL path [/ops/events/{ciId}/close/{eventName}] onto handler 'sensorWsController'
2014-11-18 08:28:19 [main] INFO org.springframework.web.servlet.mvc.annotation.DefaultAnnotationHandlerMapping - Mapped URL path [/ops/events/{ciId}/history/{source}] onto handler 'sensorWsController'
2014-11-18 08:28:19 [main] INFO org.springframework.web.servlet.mvc.annotation.DefaultAnnotationHandlerMapping - Mapped URL path [/esper/stmts] onto handler 'sensorWsController'
2014-11-18 08:28:19 [main] INFO org.springframework.web.servlet.mvc.annotation.DefaultAnnotationHandlerMapping - Mapped URL path [/esper/stmts/count] onto handler 'sensorWsController'
2014-11-18 08:28:19 [main] INFO org.springframework.web.servlet.mvc.annotation.DefaultAnnotationHandlerMapping - Mapped URL path [/esper/stmts/{ciId}/load/{source}] onto handler 'sensorWsController'
2014-11-18 08:28:19 [main] INFO org.springframework.web.servlet.mvc.annotation.DefaultAnnotationHandlerMapping - Mapped URL path [/ops/events/{ciId}/send] onto handler 'sensorWsController'
2014-11-18 08:28:19 [main] INFO org.springframework.web.servlet.mvc.annotation.DefaultAnnotationHandlerMapping - Mapped URL path [/esper/events/timestamp] onto handler 'sensorWsController'
2014-11-18 08:28:19 [main] INFO org.springframework.web.servlet.mvc.annotation.DefaultAnnotationHandlerMapping - Mapped URL path [/status] onto handler 'sensorWsController'
2014-11-18 08:28:19 [main] INFO org.springframework.context.support.DefaultLifecycleProcessor - Starting beans in phase 2147483647
2014-11-18 08:28:19 [main] INFO org.springframework.web.servlet.DispatcherServlet - FrameworkServlet 'sensor-api': initialization completed in 4581 ms
2014-11-18 08:33:19 [com.espertech.esper.Outbound-default-0] ERROR com.kloopz.sensor.listeners.OpsEventListener - got HEARTBEAT event - {"state":"open","ciState":"unhealthy","name":"Tomcat-C-compute-load:Heartbeat","count":0,"type":"heartbeat","source":"Tomcat-C-compute-load","status":"new","ciId":337508,"timestamp":1416328099083,"manifestId":336885,"checksum":0,"metrics":{},"offsets":{},"zoneId":0,"channel":"default_channel"}
2014-11-18 08:33:19 [com.espertech.esper.Outbound-default-1] ERROR com.kloopz.sensor.listeners.OpsEventListener - got HEARTBEAT event - {"state":"open","ciState":"unhealthy","name":"Tomcat-C-compute-load:Heartbeat","count":0,"type":"heartbeat","source":"Tomcat-C-compute-load","status":"new","ciId":288721,"timestamp":1416328099079,"manifestId":97458,"checksum":0,"metrics":{},"offsets":{},"zoneId":0,"channel":"default_channel"}
2014-11-18 08:33:19 [com.espertech.esper.Outbound-default-0] ERROR com.kloopz.sensor.listeners.OpsEventListener - BUT seems like the matrics channel default_channel is down, last time stamp is - Wed Dec 31 16:00:00 GMT-08:00 1969
2014-11-18 08:33:19 [com.espertech.esper.Outbound-default-1] ERROR com.kloopz.sensor.listeners.OpsEventListener - BUT seems like the matrics channel default_channel is down, last time stamp is - Wed Dec 31 16:00:00 GMT-08:00 1969
2014-11-18 08:33:40 [monListenerContainer-1] INFO com.kloopz.sensor.Sensor - Removing ciId = 337520 from the manifest map
2014-11-18 08:33:40 [monListenerContainer-1] INFO com.kloopz.sensor.Sensor - Removing ciId = 337517 from the manifest map
2014-11-18 08:33:40 [monListenerContainer-1] INFO com.kloopz.sensor.Sensor - Removing ciId = 337541 from the manifest map
2014-11-18 08:33:41 [monListenerContainer-1] INFO com.kloopz.sensor.Sensor - Removed Tomcat-C-tomcat-daemon-tomcatprocess:TomcatDaemonProcessDown-336897-trigger from the engine
2014-11-18 08:33:41 [monListenerContainer-1] INFO com.kloopz.sensor.Sensor - Removed Tomcat-C-tomcat-daemon-tomcatprocess:TomcatDaemonProcessDown-336897-reset from the engine
2014-11-18 08:35:01 [monListenerContainer-1] INFO com.kloopz.ops.dao.PerfHeaderDao - createHeader:337508:Tomcat-C-compute-cpu
2014-11-18 08:35:02 [monListenerContainer-1] INFO com.kloopz.ops.dao.PerfHeaderDao - createHeader:337508:Tomcat-C-compute-load
2014-11-18 08:35:02 [monListenerContainer-1] INFO com.kloopz.ops.dao.PerfHeaderDao - createHeader:337508:Tomcat-C-compute-disk
2014-11-18 08:35:02 [monListenerContainer-1] INFO com.kloopz.ops.dao.PerfHeaderDao - createHeader:337508:Tomcat-C-compute-mem
2014-11-18 08:35:02 [monListenerContainer-1] INFO com.kloopz.ops.dao.PerfHeaderDao - createHeader:337508:Tomcat-C-compute-crondprocess
2014-11-18 08:35:02 [monListenerContainer-1] INFO com.kloopz.ops.dao.PerfHeaderDao - createHeader:337508:Tomcat-C-compute-postfixprocess
2014-11-18 08:35:02 [monListenerContainer-1] INFO com.kloopz.ops.dao.PerfHeaderDao - createHeader:337508:Tomcat-C-compute-sshdprocess
2014-11-18 08:35:02 [monListenerContainer-1] INFO com.kloopz.ops.dao.PerfHeaderDao - createHeader:337508:Tomcat-C-compute-logScsiTransport
2014-11-18 08:35:02 [monListenerContainer-1] INFO com.kloopz.ops.dao.PerfHeaderDao - createHeader:337508:Tomcat-C-compute-logDiskNotResponding
2014-11-18 08:35:02 [monListenerContainer-1] INFO com.kloopz.ops.dao.PerfHeaderDao - createHeader:337508:Tomcat-C-compute-loglinkoffline
2014-11-18 08:35:02 [monListenerContainer-1] INFO com.kloopz.ops.dao.PerfHeaderDao - createHeader:337508:Tomcat-C-compute-logCorruptLabel
2014-11-18 08:41:29 [monListenerContainer-1] INFO com.kloopz.ops.dao.PerfHeaderDao - createHeader:339635:Tomcat-C-compute-cpu
2014-11-18 08:41:29 [monListenerContainer-1] INFO com.kloopz.ops.dao.PerfHeaderDao - createHeader:339635:Tomcat-C-compute-load
2014-11-18 08:41:29 [monListenerContainer-1] INFO com.kloopz.ops.dao.PerfHeaderDao - createHeader:339635:Tomcat-C-compute-disk
2014-11-18 08:41:29 [monListenerContainer-1] INFO com.kloopz.ops.dao.PerfHeaderDao - createHeader:339635:Tomcat-C-compute-mem
2014-11-18 08:41:29 [monListenerContainer-1] INFO com.kloopz.ops.dao.PerfHeaderDao - createHeader:339635:Tomcat-C-compute-crondprocess
2014-11-18 08:41:29 [monListenerContainer-1] INFO com.kloopz.ops.dao.PerfHeaderDao - createHeader:339635:Tomcat-C-compute-postfixprocess
2014-11-18 08:41:29 [monListenerContainer-1] INFO com.kloopz.ops.dao.PerfHeaderDao - createHeader:339635:Tomcat-C-compute-sshdprocess
2014-11-18 08:41:29 [monListenerContainer-1] INFO com.kloopz.ops.dao.PerfHeaderDao - createHeader:339635:Tomcat-C-compute-logScsiTransport
2014-11-18 08:41:29 [monListenerContainer-1] INFO com.kloopz.ops.dao.PerfHeaderDao - createHeader:339635:Tomcat-C-compute-logDiskNotResponding
2014-11-18 08:41:29 [monListenerContainer-1] INFO com.kloopz.ops.dao.PerfHeaderDao - createHeader:339635:Tomcat-C-compute-loglinkoffline
2014-11-18 08:41:30 [monListenerContainer-1] INFO com.kloopz.ops.dao.PerfHeaderDao - createHeader:339635:Tomcat-C-compute-logCorruptLabel
2014-11-18 08:41:30 [monListenerContainer-1] INFO com.kloopz.sensor.thresholds.ThresholdsDao - Added threshold for ci=339635; source=Tomcat-C-compute-cpu; manifestid=339012; checksum=3040500828
2014-11-18 08:41:30 [monListenerContainer-1] INFO com.kloopz.sensor.thresholds.ThresholdsDao - definition: {"HighCpuUsage":{"bucket":"5m","stat":"avg","metric":"CpuIdle","trigger":{"operator":"<=","value":10,"duration":15,"numocc":2},"reset":{"operator":">","value":15,"duration":15,"numocc":1},"state":"notify"}}
2014-11-18 08:41:30 [monListenerContainer-1] INFO com.kloopz.sensor.thresholds.ThresholdsDao - isHeartbeat: false
2014-11-18 08:41:30 [monListenerContainer-1] INFO com.kloopz.sensor.thresholds.ThresholdsDao - hbDuration: 3
2014-11-18 08:41:30 [monListenerContainer-1] INFO com.kloopz.sensor.thresholds.ThresholdsDao - Added threshold for ci=339635; source=Tomcat-C-compute-load; manifestid=339012; checksum=3094790687
2014-11-18 08:41:30 [monListenerContainer-1] INFO com.kloopz.sensor.thresholds.ThresholdsDao - definition: {"HighLoad":{"bucket":"1m","stat":"avg","metric":"load5","trigger":{"operator":">=","value":30,"duration":3,"numocc":1},"reset":{"operator":"<","value":15,"duration":1,"numocc":1},"state":"notify"}}
2014-11-18 08:41:30 [monListenerContainer-1] INFO com.kloopz.sensor.thresholds.ThresholdsDao - isHeartbeat: true
2014-11-18 08:41:30 [monListenerContainer-1] INFO com.kloopz.sensor.thresholds.ThresholdsDao - hbDuration: 5
2014-11-18 08:41:30 [monListenerContainer-1] INFO com.kloopz.sensor.thresholds.ThresholdsDao - Added threshold for ci=339635; source=Tomcat-C-compute-disk; manifestid=339012; checksum=4053698622
2014-11-18 08:41:30 [monListenerContainer-1] INFO com.kloopz.sensor.thresholds.ThresholdsDao - definition: {"LowDiskSpace":{"bucket":"1m","stat":"avg","metric":"space_used","trigger":{"operator":">=","value":90,"duration":5,"numocc":2},"reset":{"operator":"<","value":85,"duration":5,"numocc":1},"state":"notify"},"LowDiskInode":{"bucket":"1m","stat":"avg","metric":"inode_used","trigger":{"operator":">=","value":90,"duration":5,"numocc":2},"reset":{"operator":"<","value":85,"duration":5,"numocc":1},"state":"notify"}}
2014-11-18 08:41:30 [monListenerContainer-1] INFO com.kloopz.sensor.thresholds.ThresholdsDao - isHeartbeat: false
2014-11-18 08:41:30 [monListenerContainer-1] INFO com.kloopz.sensor.thresholds.ThresholdsDao - hbDuration: 3
2014-11-18 08:41:30 [monListenerContainer-1] INFO com.kloopz.sensor.thresholds.ThresholdsDao - Added threshold for ci=339635; source=Tomcat-C-compute-mem; manifestid=339012; checksum=2192296023
2014-11-18 08:41:30 [monListenerContainer-1] INFO com.kloopz.sensor.thresholds.ThresholdsDao - definition: {"HighMemUse":{"bucket":"1m","stat":"avg","metric":"free","trigger":{"operator":"<","value":50000,"duration":5,"numocc":4},"reset":{"operator":">","value":80000,"duration":5,"numocc":4},"state":"notify"}}
2014-11-18 08:41:30 [monListenerContainer-1] INFO com.kloopz.sensor.thresholds.ThresholdsDao - isHeartbeat: false
2014-11-18 08:41:30 [monListenerContainer-1] INFO com.kloopz.sensor.thresholds.ThresholdsDao - hbDuration: 3
2014-11-18 08:41:30 [monListenerContainer-1] INFO com.kloopz.sensor.thresholds.ThresholdsDao - Added threshold for ci=339635; source=Tomcat-C-compute-crondprocess; manifestid=339012; checksum=104905658
2014-11-18 08:41:30 [monListenerContainer-1] INFO com.kloopz.sensor.thresholds.ThresholdsDao - definition: {"CrondProcessLow":{"bucket":"1m","stat":"avg","metric":"count","trigger":{"operator":"<","value":1,"duration":1,"numocc":1},"reset":{"operator":">=","value":1,"duration":1,"numocc":1},"state":"notify"},"CrondProcessHigh":{"bucket":"1m","stat":"avg","metric":"count","trigger":{"operator":">=","value":200,"duration":1,"numocc":1},"reset":{"operator":"<","value":200,"duration":1,"numocc":1},"state":"notify"}}
2014-11-18 08:41:30 [monListenerContainer-1] INFO com.kloopz.sensor.thresholds.ThresholdsDao - isHeartbeat: false
2014-11-18 08:41:30 [monListenerContainer-1] INFO com.kloopz.sensor.thresholds.ThresholdsDao - hbDuration: 3
2014-11-18 08:41:30 [monListenerContainer-1] INFO com.kloopz.sensor.thresholds.ThresholdsDao - Added threshold for ci=339635; source=Tomcat-C-compute-postfixprocess; manifestid=339012; checksum=531429857
2014-11-18 08:41:30 [monListenerContainer-1] INFO com.kloopz.sensor.thresholds.ThresholdsDao - definition: {"PostfixProcessLow":{"bucket":"1m","stat":"avg","metric":"count","trigger":{"operator":"<","value":1,"duration":1,"numocc":1},"reset":{"operator":">=","value":1,"duration":1,"numocc":1},"state":"notify"},"PostfixProcessHigh":{"bucket":"1m","stat":"avg","metric":"count","trigger":{"operator":">=","value":200,"duration":1,"numocc":1},"reset":{"operator":"<","value":200,"duration":1,"numocc":1},"state":"notify"}}
2014-11-18 08:41:30 [monListenerContainer-1] INFO com.kloopz.sensor.thresholds.ThresholdsDao - isHeartbeat: false
2014-11-18 08:41:30 [monListenerContainer-1] INFO com.kloopz.sensor.thresholds.ThresholdsDao - hbDuration: 3
2014-11-18 08:41:30 [monListenerContainer-1] INFO com.kloopz.sensor.thresholds.ThresholdsDao - Added threshold for ci=339635; source=Tomcat-C-compute-sshdprocess; manifestid=339012; checksum=4018693413
2014-11-18 08:41:30 [monListenerContainer-1] INFO com.kloopz.sensor.thresholds.ThresholdsDao - definition: {"SshdProcessLow":{"bucket":"1m","stat":"avg","metric":"count","trigger":{"operator":"<","value":1,"duration":1,"numocc":1},"reset":{"operator":">=","value":1,"duration":1,"numocc":1},"state":"notify"},"SshdProcessHigh":{"bucket":"1m","stat":"avg","metric":"count","trigger":{"operator":">=","value":200,"duration":1,"numocc":1},"reset":{"operator":"<","value":200,"duration":1,"numocc":1},"state":"notify"}}
2014-11-18 08:41:30 [monListenerContainer-1] INFO com.kloopz.sensor.thresholds.ThresholdsDao - isHeartbeat: false
2014-11-18 08:41:30 [monListenerContainer-1] INFO com.kloopz.sensor.thresholds.ThresholdsDao - hbDuration: 3
2014-11-18 08:41:30 [monListenerContainer-1] INFO com.kloopz.sensor.thresholds.ThresholdsDao - Added threshold for ci=339635; source=Tomcat-C-compute-logScsiTransport; manifestid=339012; checksum=3871154788
2014-11-18 08:41:30 [monListenerContainer-1] INFO com.kloopz.sensor.thresholds.ThresholdsDao - definition: {"CriticalSCSILogException":{"bucket":"15m","stat":"avg","metric":"logscsi_criticals","trigger":{"operator":">=","value":1,"duration":15,"numocc":1},"reset":{"operator":"<","value":1,"duration":15,"numocc":1},"state":"notify"}}
2014-11-18 08:41:30 [monListenerContainer-1] INFO com.kloopz.sensor.thresholds.ThresholdsDao - isHeartbeat: false
2014-11-18 08:41:30 [monListenerContainer-1] INFO com.kloopz.sensor.thresholds.ThresholdsDao - hbDuration: 3
2014-11-18 08:41:30 [monListenerContainer-1] INFO com.kloopz.sensor.thresholds.ThresholdsDao - Added threshold for ci=339635; source=Tomcat-C-compute-logDiskNotResponding; manifestid=339012; checksum=3743132214
2014-11-18 08:41:30 [monListenerContainer-1] INFO com.kloopz.sensor.thresholds.ThresholdsDao - definition: {"CriticalDiskNotResponding":{"bucket":"15m","stat":"avg","metric":"logdisk_criticals","trigger":{"operator":">=","value":1,"duration":15,"numocc":1},"reset":{"operator":"<","value":1,"duration":15,"numocc":1},"state":"notify"}}
2014-11-18 08:41:30 [monListenerContainer-1] INFO com.kloopz.sensor.thresholds.ThresholdsDao - isHeartbeat: false
2014-11-18 08:41:30 [monListenerContainer-1] INFO com.kloopz.sensor.thresholds.ThresholdsDao - hbDuration: 3
2014-11-18 08:41:30 [monListenerContainer-1] INFO com.kloopz.sensor.thresholds.ThresholdsDao - Added threshold for ci=339635; source=Tomcat-C-compute-loglinkoffline; manifestid=339012; checksum=2431433043
2014-11-18 08:41:30 [monListenerContainer-1] INFO com.kloopz.sensor.thresholds.ThresholdsDao - definition: {"CriticalLinkOffline":{"bucket":"15m","stat":"avg","metric":"loglinkoffline_criticals","trigger":{"operator":">=","value":1,"duration":15,"numocc":1},"reset":{"operator":"<","value":1,"duration":15,"numocc":1},"state":"notify"}}
2014-11-18 08:41:30 [monListenerContainer-1] INFO com.kloopz.sensor.thresholds.ThresholdsDao - isHeartbeat: false
2014-11-18 08:41:30 [monListenerContainer-1] INFO com.kloopz.sensor.thresholds.ThresholdsDao - hbDuration: 3
2014-11-18 08:41:30 [monListenerContainer-1] INFO com.kloopz.sensor.thresholds.ThresholdsDao - Added threshold for ci=339635; source=Tomcat-C-compute-logCorruptLabel; manifestid=339012; checksum=2655811893
2014-11-18 08:41:30 [monListenerContainer-1] INFO com.kloopz.sensor.thresholds.ThresholdsDao - definition: {"CriticalCorruptLabel":{"bucket":"15m","stat":"avg","metric":"logcorruptlabel_criticals","trigger":{"operator":">=","value":1,"duration":15,"numocc":1},"reset":{"operator":"<","value":1,"duration":15,"numocc":1},"state":"notify"}}
2014-11-18 08:41:30 [monListenerContainer-1] INFO com.kloopz.sensor.thresholds.ThresholdsDao - isHeartbeat: false
2014-11-18 08:41:30 [monListenerContainer-1] INFO com.kloopz.sensor.thresholds.ThresholdsDao - hbDuration: 3
2014-11-18 08:48:00 [monListenerContainer-1] INFO com.kloopz.sensor.Sensor - Removing ciId = 339638 from the manifest map
2014-11-18 08:48:19 [com.espertech.esper.Outbound-default-2] ERROR com.kloopz.sensor.listeners.OpsEventListener - got HEARTBEAT event - {"state":"open","ciState":"unhealthy","name":"Tomcat-C-compute-load:Heartbeat","count":0,"type":"heartbeat","source":"Tomcat-C-compute-load","status":"new","ciId":337508,"timestamp":1416328099083,"manifestId":336885,"checksum":0,"metrics":{},"offsets":{},"zoneId":0,"channel":"default_channel"}
2014-11-18 08:48:19 [com.espertech.esper.Outbound-default-2] ERROR com.kloopz.sensor.listeners.OpsEventListener - BUT seems like the matrics channel default_channel is down, last time stamp is - Wed Dec 31 16:00:00 GMT-08:00 1969
2014-11-18 08:48:19 [com.espertech.esper.Outbound-default-2] ERROR com.kloopz.sensor.listeners.OpsEventListener - got HEARTBEAT event - {"state":"open","ciState":"unhealthy","name":"Tomcat-C-compute-load:Heartbeat","count":0,"type":"heartbeat","source":"Tomcat-C-compute-load","status":"new","ciId":288721,"timestamp":1416328099079,"manifestId":97458,"checksum":0,"metrics":{},"offsets":{},"zoneId":0,"channel":"default_channel"}
2014-11-18 08:48:19 [com.espertech.esper.Outbound-default-2] ERROR com.kloopz.sensor.listeners.OpsEventListener - BUT seems like the matrics channel default_channel is down, last time stamp is - Wed Dec 31 16:00:00 GMT-08:00 1969
2014-11-18 08:54:05 [monListenerContainer-1] INFO com.kloopz.ops.dao.PerfHeaderDao - createHeader:340692:tom-test-compute-cpu
2014-11-18 08:54:05 [monListenerContainer-1] INFO com.kloopz.ops.dao.PerfHeaderDao - createHeader:340692:tom-test-compute-load
2014-11-18 08:54:05 [monListenerContainer-1] INFO com.kloopz.ops.dao.PerfHeaderDao - createHeader:340692:tom-test-compute-disk
2014-11-18 08:54:05 [monListenerContainer-1] INFO com.kloopz.ops.dao.PerfHeaderDao - createHeader:340692:tom-test-compute-mem
2014-11-18 08:54:05 [monListenerContainer-1] INFO com.kloopz.ops.dao.PerfHeaderDao - createHeader:340692:tom-test-compute-crondprocess
2014-11-18 08:54:05 [monListenerContainer-1] INFO com.kloopz.ops.dao.PerfHeaderDao - createHeader:340692:tom-test-compute-postfixprocess
2014-11-18 08:54:05 [monListenerContainer-1] INFO com.kloopz.ops.dao.PerfHeaderDao - createHeader:340692:tom-test-compute-sshdprocess
2014-11-18 08:54:05 [monListenerContainer-1] INFO com.kloopz.ops.dao.PerfHeaderDao - createHeader:340692:tom-test-compute-logScsiTransport
2014-11-18 08:54:05 [monListenerContainer-1] INFO com.kloopz.ops.dao.PerfHeaderDao - createHeader:340692:tom-test-compute-logDiskNotResponding
2014-11-18 08:54:05 [monListenerContainer-1] INFO com.kloopz.ops.dao.PerfHeaderDao - createHeader:340692:tom-test-compute-loglinkoffline
2014-11-18 08:54:05 [monListenerContainer-1] INFO com.kloopz.ops.dao.PerfHeaderDao - createHeader:340692:tom-test-compute-logCorruptLabel
2014-11-18 08:54:05 [monListenerContainer-1] INFO com.kloopz.sensor.thresholds.ThresholdsDao - Added threshold for ci=340692; source=tom-test-compute-cpu; manifestid=340070; checksum=3040500828
2014-11-18 08:54:05 [monListenerContainer-1] INFO com.kloopz.sensor.thresholds.ThresholdsDao - definition: {"HighCpuUsage":{"bucket":"5m","stat":"avg","metric":"CpuIdle","trigger":{"operator":"<=","value":10,"duration":15,"numocc":2},"reset":{"operator":">","value":15,"duration":15,"numocc":1},"state":"notify"}}
2014-11-18 08:54:05 [monListenerContainer-1] INFO com.kloopz.sensor.thresholds.ThresholdsDao - isHeartbeat: false
2014-11-18 08:54:05 [monListenerContainer-1] INFO com.kloopz.sensor.thresholds.ThresholdsDao - hbDuration: 3
2014-11-18 08:54:05 [monListenerContainer-1] INFO com.kloopz.sensor.thresholds.ThresholdsDao - Added threshold for ci=340692; source=tom-test-compute-load; manifestid=340070; checksum=3094790687
2014-11-18 08:54:05 [monListenerContainer-1] INFO com.kloopz.sensor.thresholds.ThresholdsDao - definition: {"HighLoad":{"bucket":"1m","stat":"avg","metric":"load5","trigger":{"operator":">=","value":30,"duration":3,"numocc":1},"reset":{"operator":"<","value":15,"duration":1,"numocc":1},"state":"notify"}}
2014-11-18 08:54:05 [monListenerContainer-1] INFO com.kloopz.sensor.thresholds.ThresholdsDao - isHeartbeat: true
2014-11-18 08:54:05 [monListenerContainer-1] INFO com.kloopz.sensor.thresholds.ThresholdsDao - hbDuration: 5
2014-11-18 08:54:05 [monListenerContainer-1] INFO com.kloopz.sensor.thresholds.ThresholdsDao - Added threshold for ci=340692; source=tom-test-compute-disk; manifestid=340070; checksum=4053698622
2014-11-18 08:54:05 [monListenerContainer-1] INFO com.kloopz.sensor.thresholds.ThresholdsDao - definition: {"LowDiskSpace":{"bucket":"1m","stat":"avg","metric":"space_used","trigger":{"operator":">=","value":90,"duration":5,"numocc":2},"reset":{"operator":"<","value":85,"duration":5,"numocc":1},"state":"notify"},"LowDiskInode":{"bucket":"1m","stat":"avg","metric":"inode_used","trigger":{"operator":">=","value":90,"duration":5,"numocc":2},"reset":{"operator":"<","value":85,"duration":5,"numocc":1},"state":"notify"}}
2014-11-18 08:54:05 [monListenerContainer-1] INFO com.kloopz.sensor.thresholds.ThresholdsDao - isHeartbeat: false
2014-11-18 08:54:05 [monListenerContainer-1] INFO com.kloopz.sensor.thresholds.ThresholdsDao - hbDuration: 3
2014-11-18 08:54:05 [monListenerContainer-1] INFO com.kloopz.sensor.thresholds.ThresholdsDao - Added threshold for ci=340692; source=tom-test-compute-mem; manifestid=340070; checksum=2192296023
2014-11-18 08:54:05 [monListenerContainer-1] INFO com.kloopz.sensor.thresholds.ThresholdsDao - definition: {"HighMemUse":{"bucket":"1m","stat":"avg","metric":"free","trigger":{"operator":"<","value":50000,"duration":5,"numocc":4},"reset":{"operator":">","value":80000,"duration":5,"numocc":4},"state":"notify"}}
2014-11-18 08:54:05 [monListenerContainer-1] INFO com.kloopz.sensor.thresholds.ThresholdsDao - isHeartbeat: false
2014-11-18 08:54:05 [monListenerContainer-1] INFO com.kloopz.sensor.thresholds.ThresholdsDao - hbDuration: 3
2014-11-18 08:54:05 [monListenerContainer-1] INFO com.kloopz.sensor.thresholds.ThresholdsDao - Added threshold for ci=340692; source=tom-test-compute-crondprocess; manifestid=340070; checksum=104905658
2014-11-18 08:54:05 [monListenerContainer-1] INFO com.kloopz.sensor.thresholds.ThresholdsDao - definition: {"CrondProcessLow":{"bucket":"1m","stat":"avg","metric":"count","trigger":{"operator":"<","value":1,"duration":1,"numocc":1},"reset":{"operator":">=","value":1,"duration":1,"numocc":1},"state":"notify"},"CrondProcessHigh":{"bucket":"1m","stat":"avg","metric":"count","trigger":{"operator":">=","value":200,"duration":1,"numocc":1},"reset":{"operator":"<","value":200,"duration":1,"numocc":1},"state":"notify"}}
2014-11-18 08:54:05 [monListenerContainer-1] INFO com.kloopz.sensor.thresholds.ThresholdsDao - isHeartbeat: false
2014-11-18 08:54:05 [monListenerContainer-1] INFO com.kloopz.sensor.thresholds.ThresholdsDao - hbDuration: 3
2014-11-18 08:54:05 [monListenerContainer-1] INFO com.kloopz.sensor.thresholds.ThresholdsDao - Added threshold for ci=340692; source=tom-test-compute-postfixprocess; manifestid=340070; checksum=531429857
2014-11-18 08:54:05 [monListenerContainer-1] INFO com.kloopz.sensor.thresholds.ThresholdsDao - definition: {"PostfixProcessLow":{"bucket":"1m","stat":"avg","metric":"count","trigger":{"operator":"<","value":1,"duration":1,"numocc":1},"reset":{"operator":">=","value":1,"duration":1,"numocc":1},"state":"notify"},"PostfixProcessHigh":{"bucket":"1m","stat":"avg","metric":"count","trigger":{"operator":">=","value":200,"duration":1,"numocc":1},"reset":{"operator":"<","value":200,"duration":1,"numocc":1},"state":"notify"}}
2014-11-18 08:54:05 [monListenerContainer-1] INFO com.kloopz.sensor.thresholds.ThresholdsDao - isHeartbeat: false
2014-11-18 08:54:05 [monListenerContainer-1] INFO com.kloopz.sensor.thresholds.ThresholdsDao - hbDuration: 3
2014-11-18 08:54:05 [monListenerContainer-1] INFO com.kloopz.sensor.thresholds.ThresholdsDao - Added threshold for ci=340692; source=tom-test-compute-sshdprocess; manifestid=340070; checksum=4018693413
2014-11-18 08:54:05 [monListenerContainer-1] INFO com.kloopz.sensor.thresholds.ThresholdsDao - definition: {"SshdProcessLow":{"bucket":"1m","stat":"avg","metric":"count","trigger":{"operator":"<","value":1,"duration":1,"numocc":1},"reset":{"operator":">=","value":1,"duration":1,"numocc":1},"state":"notify"},"SshdProcessHigh":{"bucket":"1m","stat":"avg","metric":"count","trigger":{"operator":">=","value":200,"duration":1,"numocc":1},"reset":{"operator":"<","value":200,"duration":1,"numocc":1},"state":"notify"}}
2014-11-18 08:54:05 [monListenerContainer-1] INFO com.kloopz.sensor.thresholds.ThresholdsDao - isHeartbeat: false
2014-11-18 08:54:05 [monListenerContainer-1] INFO com.kloopz.sensor.thresholds.ThresholdsDao - hbDuration: 3
2014-11-18 08:54:05 [monListenerContainer-1] INFO com.kloopz.sensor.thresholds.ThresholdsDao - Added threshold for ci=340692; source=tom-test-compute-logScsiTransport; manifestid=340070; checksum=3871154788
2014-11-18 08:54:05 [monListenerContainer-1] INFO com.kloopz.sensor.thresholds.ThresholdsDao - definition: {"CriticalSCSILogException":{"bucket":"15m","stat":"avg","metric":"logscsi_criticals","trigger":{"operator":">=","value":1,"duration":15,"numocc":1},"reset":{"operator":"<","value":1,"duration":15,"numocc":1},"state":"notify"}}
2014-11-18 08:54:05 [monListenerContainer-1] INFO com.kloopz.sensor.thresholds.ThresholdsDao - isHeartbeat: false
2014-11-18 08:54:05 [monListenerContainer-1] INFO com.kloopz.sensor.thresholds.ThresholdsDao - hbDuration: 3
2014-11-18 08:54:05 [monListenerContainer-1] INFO com.kloopz.sensor.thresholds.ThresholdsDao - Added threshold for ci=340692; source=tom-test-compute-logDiskNotResponding; manifestid=340070; checksum=3743132214
2014-11-18 08:54:05 [monListenerContainer-1] INFO com.kloopz.sensor.thresholds.ThresholdsDao - definition: {"CriticalDiskNotResponding":{"bucket":"15m","stat":"avg","metric":"logdisk_criticals","trigger":{"operator":">=","value":1,"duration":15,"numocc":1},"reset":{"operator":"<","value":1,"duration":15,"numocc":1},"state":"notify"}}
2014-11-18 08:54:05 [monListenerContainer-1] INFO com.kloopz.sensor.thresholds.ThresholdsDao - isHeartbeat: false
2014-11-18 08:54:05 [monListenerContainer-1] INFO com.kloopz.sensor.thresholds.ThresholdsDao - hbDuration: 3
2014-11-18 08:54:05 [monListenerContainer-1] INFO com.kloopz.sensor.thresholds.ThresholdsDao - Added threshold for ci=340692; source=tom-test-compute-loglinkoffline; manifestid=340070; checksum=2431433043
2014-11-18 08:54:05 [monListenerContainer-1] INFO com.kloopz.sensor.thresholds.ThresholdsDao - definition: {"CriticalLinkOffline":{"bucket":"15m","stat":"avg","metric":"loglinkoffline_criticals","trigger":{"operator":">=","value":1,"duration":15,"numocc":1},"reset":{"operator":"<","value":1,"duration":15,"numocc":1},"state":"notify"}}
2014-11-18 08:54:05 [monListenerContainer-1] INFO com.kloopz.sensor.thresholds.ThresholdsDao - isHeartbeat: false
2014-11-18 08:54:05 [monListenerContainer-1] INFO com.kloopz.sensor.thresholds.ThresholdsDao - hbDuration: 3
2014-11-18 08:54:05 [monListenerContainer-1] INFO com.kloopz.sensor.thresholds.ThresholdsDao - Added threshold for ci=340692; source=tom-test-compute-logCorruptLabel; manifestid=340070; checksum=2655811893
2014-11-18 08:54:05 [monListenerContainer-1] INFO com.kloopz.sensor.thresholds.ThresholdsDao - definition: {"CriticalCorruptLabel":{"bucket":"15m","stat":"avg","metric":"logcorruptlabel_criticals","trigger":{"operator":">=","value":1,"duration":15,"numocc":1},"reset":{"operator":"<","value":1,"duration":15,"numocc":1},"state":"notify"}}
2014-11-18 08:54:05 [monListenerContainer-1] INFO com.kloopz.sensor.thresholds.ThresholdsDao - isHeartbeat: false
2014-11-18 08:54:05 [monListenerContainer-1] INFO com.kloopz.sensor.thresholds.ThresholdsDao - hbDuration: 3
2014-11-18 08:59:46 [monListenerContainer-1] INFO com.kloopz.ops.dao.PerfHeaderDao - createHeader:340692:tom-test-compute-cpu
2014-11-18 08:59:46 [monListenerContainer-1] INFO com.kloopz.ops.dao.PerfHeaderDao - createHeader:340692:tom-test-compute-load
2014-11-18 08:59:46 [monListenerContainer-1] INFO com.kloopz.ops.dao.PerfHeaderDao - createHeader:340692:tom-test-compute-disk
2014-11-18 08:59:46 [monListenerContainer-1] INFO com.kloopz.ops.dao.PerfHeaderDao - createHeader:340692:tom-test-compute-mem
2014-11-18 08:59:46 [monListenerContainer-1] INFO com.kloopz.ops.dao.PerfHeaderDao - createHeader:340692:tom-test-compute-crondprocess
2014-11-18 08:59:46 [monListenerContainer-1] INFO com.kloopz.ops.dao.PerfHeaderDao - createHeader:340692:tom-test-compute-postfixprocess
2014-11-18 08:59:46 [monListenerContainer-1] INFO com.kloopz.ops.dao.PerfHeaderDao - createHeader:340692:tom-test-compute-sshdprocess
2014-11-18 08:59:46 [monListenerContainer-1] INFO com.kloopz.ops.dao.PerfHeaderDao - createHeader:340692:tom-test-compute-logScsiTransport
2014-11-18 08:59:46 [monListenerContainer-1] INFO com.kloopz.ops.dao.PerfHeaderDao - createHeader:340692:tom-test-compute-logDiskNotResponding
2014-11-18 08:59:46 [monListenerContainer-1] INFO com.kloopz.ops.dao.PerfHeaderDao - createHeader:340692:tom-test-compute-loglinkoffline
2014-11-18 08:59:46 [monListenerContainer-1] INFO com.kloopz.ops.dao.PerfHeaderDao - createHeader:340692:tom-test-compute-logCorruptLabel
2014-11-18 09:03:19 [com.espertech.esper.Outbound-default-3] ERROR com.kloopz.sensor.listeners.OpsEventListener - got HEARTBEAT event - {"state":"open","ciState":"unhealthy","name":"Tomcat-C-compute-load:Heartbeat","count":0,"type":"heartbeat","source":"Tomcat-C-compute-load","status":"new","ciId":337508,"timestamp":1416328099083,"manifestId":336885,"checksum":0,"metrics":{},"offsets":{},"zoneId":0,"channel":"default_channel"}
2014-11-18 09:03:19 [com.espertech.esper.Outbound-default-3] ERROR com.kloopz.sensor.listeners.OpsEventListener - BUT seems like the matrics channel default_channel is down, last time stamp is - Wed Dec 31 16:00:00 GMT-08:00 1969
2014-11-18 09:03:19 [com.espertech.esper.Outbound-default-3] ERROR com.kloopz.sensor.listeners.OpsEventListener - got HEARTBEAT event - {"state":"open","ciState":"unhealthy","name":"Tomcat-C-compute-load:Heartbeat","count":0,"type":"heartbeat","source":"Tomcat-C-compute-load","status":"new","ciId":288721,"timestamp":1416328099079,"manifestId":97458,"checksum":0,"metrics":{},"offsets":{},"zoneId":0,"channel":"default_channel"}
2014-11-18 09:03:19 [com.espertech.esper.Outbound-default-3] ERROR com.kloopz.sensor.listeners.OpsEventListener - BUT seems like the matrics channel default_channel is down, last time stamp is - Wed Dec 31 16:00:00 GMT-08:00 1969
2014-11-18 09:18:19 [com.espertech.esper.Outbound-default-4] ERROR com.kloopz.sensor.listeners.OpsEventListener - got HEARTBEAT event - {"state":"open","ciState":"unhealthy","name":"Tomcat-C-compute-load:Heartbeat","count":0,"type":"heartbeat","source":"Tomcat-C-compute-load","status":"new","ciId":337508,"timestamp":1416328099083,"manifestId":336885,"checksum":0,"metrics":{},"offsets":{},"zoneId":0,"channel":"default_channel"}
2014-11-18 09:18:19 [com.espertech.esper.Outbound-default-4] ERROR com.kloopz.sensor.listeners.OpsEventListener - BUT seems like the matrics channel default_channel is down, last time stamp is - Wed Dec 31 16:00:00 GMT-08:00 1969
2014-11-18 09:18:19 [com.espertech.esper.Outbound-default-4] ERROR com.kloopz.sensor.listeners.OpsEventListener - got HEARTBEAT event - {"state":"open","ciState":"unhealthy","name":"Tomcat-C-compute-load:Heartbeat","count":0,"type":"heartbeat","source":"Tomcat-C-compute-load","status":"new","ciId":288721,"timestamp":1416328099079,"manifestId":97458,"checksum":0,"metrics":{},"offsets":{},"zoneId":0,"channel":"default_channel"}
2014-11-18 09:18:19 [com.espertech.esper.Outbound-default-4] ERROR com.kloopz.sensor.listeners.OpsEventListener - BUT seems like the matrics channel default_channel is down, last time stamp is - Wed Dec 31 16:00:00 GMT-08:00 1969
2014-11-18 09:33:19 [com.espertech.esper.Outbound-default-5] ERROR com.kloopz.sensor.listeners.OpsEventListener - got HEARTBEAT event - {"state":"open","ciState":"unhealthy","name":"Tomcat-C-compute-load:Heartbeat","count":0,"type":"heartbeat","source":"Tomcat-C-compute-load","status":"new","ciId":337508,"timestamp":1416328099083,"manifestId":336885,"checksum":0,"metrics":{},"offsets":{},"zoneId":0,"channel":"default_channel"}
2014-11-18 09:33:19 [com.espertech.esper.Outbound-default-5] ERROR com.kloopz.sensor.listeners.OpsEventListener - BUT seems like the matrics channel default_channel is down, last time stamp is - Wed Dec 31 16:00:00 GMT-08:00 1969
2014-11-18 09:33:19 [com.espertech.esper.Outbound-default-5] ERROR com.kloopz.sensor.listeners.OpsEventListener - got HEARTBEAT event - {"state":"open","ciState":"unhealthy","name":"Tomcat-C-compute-load:Heartbeat","count":0,"type":"heartbeat","source":"Tomcat-C-compute-load","status":"new","ciId":288721,"timestamp":1416328099079,"manifestId":97458,"checksum":0,"metrics":{},"offsets":{},"zoneId":0,"channel":"default_channel"}
2014-11-18 09:33:19 [com.espertech.esper.Outbound-default-5] ERROR com.kloopz.sensor.listeners.OpsEventListener - BUT seems like the matrics channel default_channel is down, last time stamp is - Wed Dec 31 16:00:00 GMT-08:00 1969
